app/build/intermediates/manifest_merge_blame_file/debug/manifest-merger-blame-debug-report.txt
1<?xml version="1.0" encoding="utf-8"?>
2<manifest xmlns:android="http://schemas.android.com/apk/res/android"
3    package="ir.ez4.helpiran"
4    android:versionCode="1"
5    android:versionName="1.0" >
6
7    <uses-sdk
8        android:minSdkVersion="21"
8-->src\main\AndroidManifest.xml
9        android:targetSdkVersion="32" />
9-->src\main\AndroidManifest.xml
10
11    <uses-permission android:name="android.permission.INTERNET" />
11-->src\main\AndroidManifest.xml:6:5-67
11-->src\main\AndroidManifest.xml:6:22-64
12    <uses-permission android:name="android.permission.ACCESS_NETWORK_STATE" />
12-->src\main\AndroidManifest.xml:7:5-79
12-->src\main\AndroidManifest.xml:7:22-76
13
14    <application
14-->src\main\AndroidManifest.xml:9:5-45:19
15        android:allowBackup="true"
15-->src\main\AndroidManifest.xml:11:9-35
16        android:appComponentFactory="androidx.core.app.CoreComponentFactory"
16-->[androidx.core:core:1.8.0] AndroidManifest.xml:24:18-86
17        android:dataExtractionRules="@xml/data_extraction_rules"
17-->src\main\AndroidManifest.xml:12:9-65
18        android:debuggable="true"
19        android:fullBackupContent="@xml/backup_rules"
19-->src\main\AndroidManifest.xml:13:9-54
20        android:icon="@drawable/ic_alert"
20-->src\main\AndroidManifest.xml:14:9-42
21        android:label="@string/app_name"
21-->src\main\AndroidManifest.xml:15:9-41
22        android:roundIcon="@drawable/ic_alert"
22-->src\main\AndroidManifest.xml:16:9-47
23        android:supportsRtl="true"
23-->src\main\AndroidManifest.xml:17:9-35
24        android:theme="@style/Theme.Helpiran" >
24-->src\main\AndroidManifest.xml:18:9-46
25        <activity
25-->src\main\AndroidManifest.xml:22:9-30:20
26            android:name="ir.ez4.helpiran.activities.Activityasliaval"
26-->src\main\AndroidManifest.xml:22:19-62
27            android:exported="true" >
27-->src\main\AndroidManifest.xml:22:63-86
28            <intent-filter>
28-->src\main\AndroidManifest.xml:24:13-28:29
29                <action android:name="android.intent.action.MAIN" />
29-->src\main\AndroidManifest.xml:25:17-69
29-->src\main\AndroidManifest.xml:25:25-66
30
31                <category android:name="android.intent.category.LAUNCHER" />
31-->src\main\AndroidManifest.xml:27:17-77
31-->src\main\AndroidManifest.xml:27:27-74
32            </intent-filter>
33        </activity>
34        <activity
34-->src\main\AndroidManifest.xml:31:9-33:40
35            android:name="ir.ez4.helpiran.activities.Activitychipmanager"
35-->src\main\AndroidManifest.xml:32:13-59
36            android:exported="false" />
36-->src\main\AndroidManifest.xml:33:13-37
37        <activity
37-->src\main\AndroidManifest.xml:34:9-36:40
38            android:name="ir.ez4.helpiran.activities.Activityopenermenujadid"
38-->src\main\AndroidManifest.xml:35:13-63
39            android:exported="false" /> <!-- مربوط به لایه تست هستش و هیچوقت نباید روی لایه اصلی فراخوان بشود -->
39-->src\main\AndroidManifest.xml:36:13-37
40        <activity
40-->src\main\AndroidManifest.xml:37:9-39:40
41            android:name="ir.ez4.helpiran.activities.MainActivity2"
41-->src\main\AndroidManifest.xml:38:13-53
42            android:exported="false" /> <!-- لایه اصلی که استفاده شده است -->
42-->src\main\AndroidManifest.xml:39:13-37
43        <activity
43-->src\main\AndroidManifest.xml:40:9-42:39
44            android:name="ir.ez4.helpiran.activities.MainActivity"
44-->src\main\AndroidManifest.xml:41:13-52
45            android:exported="false" />
45-->src\main\AndroidManifest.xml:42:13-37
46
47        <provider
47-->[com.squareup.picasso:picasso:2.71828] AndroidManifest.xml:8:9-11:40
48            android:name="com.squareup.picasso.PicassoProvider"
48-->[com.squareup.picasso:picasso:2.71828] AndroidManifest.xml:9:13-64
49            android:authorities="ir.ez4.helpiran.com.squareup.picasso"
49-->[com.squareup.picasso:picasso:2.71828] AndroidManifest.xml:10:13-72
50            android:exported="false" />
50-->[com.squareup.picasso:picasso:2.71828] AndroidManifest.xml:11:13-37
51        <provider
51-->[androidx.emoji2:emoji2:1.2.0] AndroidManifest.xml:24:9-32:20
52            android:name="androidx.startup.InitializationProvider"
52-->[androidx.emoji2:emoji2:1.2.0] AndroidManifest.xml:25:13-67
53            android:authorities="ir.ez4.helpiran.androidx-startup"
53-->[androidx.emoji2:emoji2:1.2.0] AndroidManifest.xml:26:13-68
54            android:exported="false" >
54-->[androidx.emoji2:emoji2:1.2.0] AndroidManifest.xml:27:13-37
55            <meta-data
55-->[androidx.emoji2:emoji2:1.2.0] AndroidManifest.xml:29:13-31:52
56                android:name="androidx.emoji2.text.EmojiCompatInitializer"
56-->[androidx.emoji2:emoji2:1.2.0] AndroidManifest.xml:30:17-75
57                android:value="androidx.startup" />
57-->[androidx.emoji2:emoji2:1.2.0] AndroidManifest.xml:31:17-49
58            <meta-data
58-->[androidx.lifecycle:lifecycle-process:2.4.1] AndroidManifest.xml:31:13-33:52
59                android:name="androidx.lifecycle.ProcessLifecycleInitializer"
59-->[androidx.lifecycle:lifecycle-process:2.4.1] AndroidManifest.xml:32:17-78
60                android:value="androidx.startup" />
60-->[androidx.lifecycle:lifecycle-process:2.4.1] AndroidManifest.xml:33:17-49
61        </provider>
62    </application>
63
64</manifest>